The target system is: Generic -  - arm
The host system is: Linux - 4.15.6-200.fc26.x86_64 - x86_64
Compiling the C compiler identification source file "CMakeCCompilerId.c" succeeded.
Compiler: /home/plam/.konan/dependencies/gcc-arm-none-eabi-7-2017-q4-major-linux/bin/arm-none-eabi-gcc 
Build flags: 
Id flags: -c 

The output was:
0


Compilation of the C compiler identification source "CMakeCCompilerId.c" produced "CMakeCCompilerId.o"

The C compiler identification is GNU, found in "/home/plam/Projects/MOTIUS/kotblinky/build/CMakeFiles/3.10.1/CompilerIdC/CMakeCCompilerId.o"

Compiling the CXX compiler identification source file "CMakeCXXCompilerId.cpp" succeeded.
Compiler: /home/plam/.konan/dependencies/gcc-arm-none-eabi-7-2017-q4-major-linux/bin/arm-none-eabi-g++ 
Build flags: 
Id flags: -c 

The output was:
0


Compilation of the CXX compiler identification source "CMakeCXXCompilerId.cpp" produced "CMakeCXXCompilerId.o"

The CXX compiler identification is GNU, found in "/home/plam/Projects/MOTIUS/kotblinky/build/CMakeFiles/3.10.1/CompilerIdCXX/CMakeCXXCompilerId.o"

Performing C SOURCE FILE Test toolchain_is_ok succeeded with the following output:
Change Dir: /home/plam/Projects/MOTIUS/kotblinky/build/CMakeFiles/CMakeTmp

Run Build Command:"/bin/gmake" "cmTC_302c6/fast"
/bin/gmake -f CMakeFiles/cmTC_302c6.dir/build.make CMakeFiles/cmTC_302c6.dir/build
gmake[1]: Entering directory '/home/plam/Projects/MOTIUS/kotblinky/build/CMakeFiles/CMakeTmp'
Building C object CMakeFiles/cmTC_302c6.dir/src.c.obj
/home/plam/.konan/dependencies/gcc-arm-none-eabi-7-2017-q4-major-linux/bin/arm-none-eabi-gcc   -Dtoolchain_is_ok -nostartfiles -nostdlib -isystem "/home/plam/.konan/dependencies/gcc-arm-none-eabi-7-2017-q4-major-linux/bin/../lib/gcc/arm-none-eabi/7.2.1/include" -isystem "/home/plam/.konan/dependencies/gcc-arm-none-eabi-7-2017-q4-major-linux/bin/../lib/gcc/arm-none-eabi/7.2.1/include-fixed" -Wl,--unresolved-symbols=ignore-in-object-files   -o CMakeFiles/cmTC_302c6.dir/src.c.obj   -c /home/plam/Projects/MOTIUS/kotblinky/build/CMakeFiles/CMakeTmp/src.c
Linking C executable cmTC_302c6
/usr/bin/cmake -E cmake_link_script CMakeFiles/cmTC_302c6.dir/link.txt --verbose=1
/home/plam/.konan/dependencies/gcc-arm-none-eabi-7-2017-q4-major-linux/bin/arm-none-eabi-gcc  -Dtoolchain_is_ok -nostartfiles -nostdlib -isystem "/home/plam/.konan/dependencies/gcc-arm-none-eabi-7-2017-q4-major-linux/bin/../lib/gcc/arm-none-eabi/7.2.1/include" -isystem "/home/plam/.konan/dependencies/gcc-arm-none-eabi-7-2017-q4-major-linux/bin/../lib/gcc/arm-none-eabi/7.2.1/include-fixed" -Wl,--unresolved-symbols=ignore-in-object-files    CMakeFiles/cmTC_302c6.dir/src.c.obj  -o cmTC_302c6 
/home/plam/.konan/dependencies/gcc-arm-none-eabi-7-2017-q4-major-linux/bin/../lib/gcc/arm-none-eabi/7.2.1/../../../../arm-none-eabi/bin/ld: warning: cannot find entry symbol _start; defaulting to 0000000000008000
gmake[1]: Leaving directory '/home/plam/Projects/MOTIUS/kotblinky/build/CMakeFiles/CMakeTmp'

Source file was:
int main(void) { return 0; }
Performing C SOURCE FILE Test check_nostartfiles succeeded with the following output:
Change Dir: /home/plam/Projects/MOTIUS/kotblinky/build/CMakeFiles/CMakeTmp

Run Build Command:"/bin/gmake" "cmTC_d00ea/fast"
/bin/gmake -f CMakeFiles/cmTC_d00ea.dir/build.make CMakeFiles/cmTC_d00ea.dir/build
gmake[1]: Entering directory '/home/plam/Projects/MOTIUS/kotblinky/build/CMakeFiles/CMakeTmp'
Building C object CMakeFiles/cmTC_d00ea.dir/src.c.obj
/home/plam/.konan/dependencies/gcc-arm-none-eabi-7-2017-q4-major-linux/bin/arm-none-eabi-gcc   -Dcheck_nostartfiles -nostartfiles -nostdlib -isystem "/home/plam/.konan/dependencies/gcc-arm-none-eabi-7-2017-q4-major-linux/bin/../lib/gcc/arm-none-eabi/7.2.1/include" -isystem "/home/plam/.konan/dependencies/gcc-arm-none-eabi-7-2017-q4-major-linux/bin/../lib/gcc/arm-none-eabi/7.2.1/include-fixed" -Wl,--unresolved-symbols=ignore-in-object-files -nostartfiles   -o CMakeFiles/cmTC_d00ea.dir/src.c.obj   -c /home/plam/Projects/MOTIUS/kotblinky/build/CMakeFiles/CMakeTmp/src.c
Linking C executable cmTC_d00ea
/usr/bin/cmake -E cmake_link_script CMakeFiles/cmTC_d00ea.dir/link.txt --verbose=1
/home/plam/.konan/dependencies/gcc-arm-none-eabi-7-2017-q4-major-linux/bin/arm-none-eabi-gcc  -Dcheck_nostartfiles -nostartfiles -nostdlib -isystem "/home/plam/.konan/dependencies/gcc-arm-none-eabi-7-2017-q4-major-linux/bin/../lib/gcc/arm-none-eabi/7.2.1/include" -isystem "/home/plam/.konan/dependencies/gcc-arm-none-eabi-7-2017-q4-major-linux/bin/../lib/gcc/arm-none-eabi/7.2.1/include-fixed" -Wl,--unresolved-symbols=ignore-in-object-files -nostartfiles    CMakeFiles/cmTC_d00ea.dir/src.c.obj  -o cmTC_d00ea 
/home/plam/.konan/dependencies/gcc-arm-none-eabi-7-2017-q4-major-linux/bin/../lib/gcc/arm-none-eabi/7.2.1/../../../../arm-none-eabi/bin/ld: warning: cannot find entry symbol _start; defaulting to 0000000000008000
gmake[1]: Leaving directory '/home/plam/Projects/MOTIUS/kotblinky/build/CMakeFiles/CMakeTmp'

Source file was:
int main(void) { return 0; }
Performing C SOURCE FILE Test check_nodefaultlibs succeeded with the following output:
Change Dir: /home/plam/Projects/MOTIUS/kotblinky/build/CMakeFiles/CMakeTmp

Run Build Command:"/bin/gmake" "cmTC_c3ae4/fast"
/bin/gmake -f CMakeFiles/cmTC_c3ae4.dir/build.make CMakeFiles/cmTC_c3ae4.dir/build
gmake[1]: Entering directory '/home/plam/Projects/MOTIUS/kotblinky/build/CMakeFiles/CMakeTmp'
Building C object CMakeFiles/cmTC_c3ae4.dir/src.c.obj
/home/plam/.konan/dependencies/gcc-arm-none-eabi-7-2017-q4-major-linux/bin/arm-none-eabi-gcc   -Dcheck_nodefaultlibs -nostartfiles -nostdlib -isystem "/home/plam/.konan/dependencies/gcc-arm-none-eabi-7-2017-q4-major-linux/bin/../lib/gcc/arm-none-eabi/7.2.1/include" -isystem "/home/plam/.konan/dependencies/gcc-arm-none-eabi-7-2017-q4-major-linux/bin/../lib/gcc/arm-none-eabi/7.2.1/include-fixed" -Wl,--unresolved-symbols=ignore-in-object-files -nodefaultlibs   -o CMakeFiles/cmTC_c3ae4.dir/src.c.obj   -c /home/plam/Projects/MOTIUS/kotblinky/build/CMakeFiles/CMakeTmp/src.c
Linking C executable cmTC_c3ae4
/usr/bin/cmake -E cmake_link_script CMakeFiles/cmTC_c3ae4.dir/link.txt --verbose=1
/home/plam/.konan/dependencies/gcc-arm-none-eabi-7-2017-q4-major-linux/bin/arm-none-eabi-gcc  -Dcheck_nodefaultlibs -nostartfiles -nostdlib -isystem "/home/plam/.konan/dependencies/gcc-arm-none-eabi-7-2017-q4-major-linux/bin/../lib/gcc/arm-none-eabi/7.2.1/include" -isystem "/home/plam/.konan/dependencies/gcc-arm-none-eabi-7-2017-q4-major-linux/bin/../lib/gcc/arm-none-eabi/7.2.1/include-fixed" -Wl,--unresolved-symbols=ignore-in-object-files -nodefaultlibs    CMakeFiles/cmTC_c3ae4.dir/src.c.obj  -o cmTC_c3ae4 
/home/plam/.konan/dependencies/gcc-arm-none-eabi-7-2017-q4-major-linux/bin/../lib/gcc/arm-none-eabi/7.2.1/../../../../arm-none-eabi/bin/ld: warning: cannot find entry symbol _start; defaulting to 0000000000008000
gmake[1]: Leaving directory '/home/plam/Projects/MOTIUS/kotblinky/build/CMakeFiles/CMakeTmp'

Source file was:
int main(void) { return 0; }
Performing C SOURCE FILE Test check_nostdlib succeeded with the following output:
Change Dir: /home/plam/Projects/MOTIUS/kotblinky/build/CMakeFiles/CMakeTmp

Run Build Command:"/bin/gmake" "cmTC_e4b9f/fast"
/bin/gmake -f CMakeFiles/cmTC_e4b9f.dir/build.make CMakeFiles/cmTC_e4b9f.dir/build
gmake[1]: Entering directory '/home/plam/Projects/MOTIUS/kotblinky/build/CMakeFiles/CMakeTmp'
Building C object CMakeFiles/cmTC_e4b9f.dir/src.c.obj
/home/plam/.konan/dependencies/gcc-arm-none-eabi-7-2017-q4-major-linux/bin/arm-none-eabi-gcc   -Dcheck_nostdlib -nostartfiles -nostdlib -isystem "/home/plam/.konan/dependencies/gcc-arm-none-eabi-7-2017-q4-major-linux/bin/../lib/gcc/arm-none-eabi/7.2.1/include" -isystem "/home/plam/.konan/dependencies/gcc-arm-none-eabi-7-2017-q4-major-linux/bin/../lib/gcc/arm-none-eabi/7.2.1/include-fixed" -Wl,--unresolved-symbols=ignore-in-object-files -nostdlib   -o CMakeFiles/cmTC_e4b9f.dir/src.c.obj   -c /home/plam/Projects/MOTIUS/kotblinky/build/CMakeFiles/CMakeTmp/src.c
Linking C executable cmTC_e4b9f
/usr/bin/cmake -E cmake_link_script CMakeFiles/cmTC_e4b9f.dir/link.txt --verbose=1
/home/plam/.konan/dependencies/gcc-arm-none-eabi-7-2017-q4-major-linux/bin/arm-none-eabi-gcc  -Dcheck_nostdlib -nostartfiles -nostdlib -isystem "/home/plam/.konan/dependencies/gcc-arm-none-eabi-7-2017-q4-major-linux/bin/../lib/gcc/arm-none-eabi/7.2.1/include" -isystem "/home/plam/.konan/dependencies/gcc-arm-none-eabi-7-2017-q4-major-linux/bin/../lib/gcc/arm-none-eabi/7.2.1/include-fixed" -Wl,--unresolved-symbols=ignore-in-object-files -nostdlib    CMakeFiles/cmTC_e4b9f.dir/src.c.obj  -o cmTC_e4b9f 
/home/plam/.konan/dependencies/gcc-arm-none-eabi-7-2017-q4-major-linux/bin/../lib/gcc/arm-none-eabi/7.2.1/../../../../arm-none-eabi/bin/ld: warning: cannot find entry symbol _start; defaulting to 0000000000008000
gmake[1]: Leaving directory '/home/plam/Projects/MOTIUS/kotblinky/build/CMakeFiles/CMakeTmp'

Source file was:
int main(void) { return 0; }
Performing C SOURCE FILE Test check_static succeeded with the following output:
Change Dir: /home/plam/Projects/MOTIUS/kotblinky/build/CMakeFiles/CMakeTmp

Run Build Command:"/bin/gmake" "cmTC_e1965/fast"
/bin/gmake -f CMakeFiles/cmTC_e1965.dir/build.make CMakeFiles/cmTC_e1965.dir/build
gmake[1]: Entering directory '/home/plam/Projects/MOTIUS/kotblinky/build/CMakeFiles/CMakeTmp'
Building C object CMakeFiles/cmTC_e1965.dir/src.c.obj
/home/plam/.konan/dependencies/gcc-arm-none-eabi-7-2017-q4-major-linux/bin/arm-none-eabi-gcc   -Dcheck_static -nostartfiles -nostdlib -isystem "/home/plam/.konan/dependencies/gcc-arm-none-eabi-7-2017-q4-major-linux/bin/../lib/gcc/arm-none-eabi/7.2.1/include" -isystem "/home/plam/.konan/dependencies/gcc-arm-none-eabi-7-2017-q4-major-linux/bin/../lib/gcc/arm-none-eabi/7.2.1/include-fixed" -Wl,--unresolved-symbols=ignore-in-object-files -static   -o CMakeFiles/cmTC_e1965.dir/src.c.obj   -c /home/plam/Projects/MOTIUS/kotblinky/build/CMakeFiles/CMakeTmp/src.c
Linking C executable cmTC_e1965
/usr/bin/cmake -E cmake_link_script CMakeFiles/cmTC_e1965.dir/link.txt --verbose=1
/home/plam/.konan/dependencies/gcc-arm-none-eabi-7-2017-q4-major-linux/bin/arm-none-eabi-gcc  -Dcheck_static -nostartfiles -nostdlib -isystem "/home/plam/.konan/dependencies/gcc-arm-none-eabi-7-2017-q4-major-linux/bin/../lib/gcc/arm-none-eabi/7.2.1/include" -isystem "/home/plam/.konan/dependencies/gcc-arm-none-eabi-7-2017-q4-major-linux/bin/../lib/gcc/arm-none-eabi/7.2.1/include-fixed" -Wl,--unresolved-symbols=ignore-in-object-files -static    CMakeFiles/cmTC_e1965.dir/src.c.obj  -o cmTC_e1965 
/home/plam/.konan/dependencies/gcc-arm-none-eabi-7-2017-q4-major-linux/bin/../lib/gcc/arm-none-eabi/7.2.1/../../../../arm-none-eabi/bin/ld: warning: cannot find entry symbol _start; defaulting to 0000000000008000
gmake[1]: Leaving directory '/home/plam/Projects/MOTIUS/kotblinky/build/CMakeFiles/CMakeTmp'

Source file was:
int main(void) { return 0; }
Performing C SOURCE FILE Test check_no_pie succeeded with the following output:
Change Dir: /home/plam/Projects/MOTIUS/kotblinky/build/CMakeFiles/CMakeTmp

Run Build Command:"/bin/gmake" "cmTC_41f6b/fast"
/bin/gmake -f CMakeFiles/cmTC_41f6b.dir/build.make CMakeFiles/cmTC_41f6b.dir/build
gmake[1]: Entering directory '/home/plam/Projects/MOTIUS/kotblinky/build/CMakeFiles/CMakeTmp'
Building C object CMakeFiles/cmTC_41f6b.dir/src.c.obj
/home/plam/.konan/dependencies/gcc-arm-none-eabi-7-2017-q4-major-linux/bin/arm-none-eabi-gcc   -Dcheck_no_pie -nostartfiles -nostdlib -isystem "/home/plam/.konan/dependencies/gcc-arm-none-eabi-7-2017-q4-major-linux/bin/../lib/gcc/arm-none-eabi/7.2.1/include" -isystem "/home/plam/.konan/dependencies/gcc-arm-none-eabi-7-2017-q4-major-linux/bin/../lib/gcc/arm-none-eabi/7.2.1/include-fixed" -Wl,--unresolved-symbols=ignore-in-object-files -no-pie   -o CMakeFiles/cmTC_41f6b.dir/src.c.obj   -c /home/plam/Projects/MOTIUS/kotblinky/build/CMakeFiles/CMakeTmp/src.c
Linking C executable cmTC_41f6b
/usr/bin/cmake -E cmake_link_script CMakeFiles/cmTC_41f6b.dir/link.txt --verbose=1
/home/plam/.konan/dependencies/gcc-arm-none-eabi-7-2017-q4-major-linux/bin/arm-none-eabi-gcc  -Dcheck_no_pie -nostartfiles -nostdlib -isystem "/home/plam/.konan/dependencies/gcc-arm-none-eabi-7-2017-q4-major-linux/bin/../lib/gcc/arm-none-eabi/7.2.1/include" -isystem "/home/plam/.konan/dependencies/gcc-arm-none-eabi-7-2017-q4-major-linux/bin/../lib/gcc/arm-none-eabi/7.2.1/include-fixed" -Wl,--unresolved-symbols=ignore-in-object-files -no-pie    CMakeFiles/cmTC_41f6b.dir/src.c.obj  -o cmTC_41f6b 
/home/plam/.konan/dependencies/gcc-arm-none-eabi-7-2017-q4-major-linux/bin/../lib/gcc/arm-none-eabi/7.2.1/../../../../arm-none-eabi/bin/ld: warning: cannot find entry symbol _start; defaulting to 0000000000008000
gmake[1]: Leaving directory '/home/plam/Projects/MOTIUS/kotblinky/build/CMakeFiles/CMakeTmp'

Source file was:
int main(void) { return 0; }
Performing C SOURCE FILE Test check_fno_asynchronous_unwind_tables_C succeeded with the following output:
Change Dir: /home/plam/Projects/MOTIUS/kotblinky/build/CMakeFiles/CMakeTmp

Run Build Command:"/bin/gmake" "cmTC_84f53/fast"
/bin/gmake -f CMakeFiles/cmTC_84f53.dir/build.make CMakeFiles/cmTC_84f53.dir/build
gmake[1]: Entering directory '/home/plam/Projects/MOTIUS/kotblinky/build/CMakeFiles/CMakeTmp'
Building C object CMakeFiles/cmTC_84f53.dir/src.c.obj
/home/plam/.konan/dependencies/gcc-arm-none-eabi-7-2017-q4-major-linux/bin/arm-none-eabi-gcc   -Dcheck_fno_asynchronous_unwind_tables_C -nostartfiles -nostdlib -isystem "/home/plam/.konan/dependencies/gcc-arm-none-eabi-7-2017-q4-major-linux/bin/../lib/gcc/arm-none-eabi/7.2.1/include" -isystem "/home/plam/.konan/dependencies/gcc-arm-none-eabi-7-2017-q4-major-linux/bin/../lib/gcc/arm-none-eabi/7.2.1/include-fixed" -Wl,--unresolved-symbols=ignore-in-object-files   -fno-asynchronous-unwind-tables -o CMakeFiles/cmTC_84f53.dir/src.c.obj   -c /home/plam/Projects/MOTIUS/kotblinky/build/CMakeFiles/CMakeTmp/src.c
Linking C executable cmTC_84f53
/usr/bin/cmake -E cmake_link_script CMakeFiles/cmTC_84f53.dir/link.txt --verbose=1
/home/plam/.konan/dependencies/gcc-arm-none-eabi-7-2017-q4-major-linux/bin/arm-none-eabi-gcc  -Dcheck_fno_asynchronous_unwind_tables_C -nostartfiles -nostdlib -isystem "/home/plam/.konan/dependencies/gcc-arm-none-eabi-7-2017-q4-major-linux/bin/../lib/gcc/arm-none-eabi/7.2.1/include" -isystem "/home/plam/.konan/dependencies/gcc-arm-none-eabi-7-2017-q4-major-linux/bin/../lib/gcc/arm-none-eabi/7.2.1/include-fixed" -Wl,--unresolved-symbols=ignore-in-object-files    CMakeFiles/cmTC_84f53.dir/src.c.obj  -o cmTC_84f53 
/home/plam/.konan/dependencies/gcc-arm-none-eabi-7-2017-q4-major-linux/bin/../lib/gcc/arm-none-eabi/7.2.1/../../../../arm-none-eabi/bin/ld: warning: cannot find entry symbol _start; defaulting to 0000000000008000
gmake[1]: Leaving directory '/home/plam/Projects/MOTIUS/kotblinky/build/CMakeFiles/CMakeTmp'

Source file was:
int main(void) { return 0; }
Performing C SOURCE FILE Test check_fno_pie_C succeeded with the following output:
Change Dir: /home/plam/Projects/MOTIUS/kotblinky/build/CMakeFiles/CMakeTmp

Run Build Command:"/bin/gmake" "cmTC_7db54/fast"
/bin/gmake -f CMakeFiles/cmTC_7db54.dir/build.make CMakeFiles/cmTC_7db54.dir/build
gmake[1]: Entering directory '/home/plam/Projects/MOTIUS/kotblinky/build/CMakeFiles/CMakeTmp'
Building C object CMakeFiles/cmTC_7db54.dir/src.c.obj
/home/plam/.konan/dependencies/gcc-arm-none-eabi-7-2017-q4-major-linux/bin/arm-none-eabi-gcc   -Dcheck_fno_pie_C -nostartfiles -nostdlib -isystem "/home/plam/.konan/dependencies/gcc-arm-none-eabi-7-2017-q4-major-linux/bin/../lib/gcc/arm-none-eabi/7.2.1/include" -isystem "/home/plam/.konan/dependencies/gcc-arm-none-eabi-7-2017-q4-major-linux/bin/../lib/gcc/arm-none-eabi/7.2.1/include-fixed" -Wl,--unresolved-symbols=ignore-in-object-files   -fno-pie -o CMakeFiles/cmTC_7db54.dir/src.c.obj   -c /home/plam/Projects/MOTIUS/kotblinky/build/CMakeFiles/CMakeTmp/src.c
Linking C executable cmTC_7db54
/usr/bin/cmake -E cmake_link_script CMakeFiles/cmTC_7db54.dir/link.txt --verbose=1
/home/plam/.konan/dependencies/gcc-arm-none-eabi-7-2017-q4-major-linux/bin/arm-none-eabi-gcc  -Dcheck_fno_pie_C -nostartfiles -nostdlib -isystem "/home/plam/.konan/dependencies/gcc-arm-none-eabi-7-2017-q4-major-linux/bin/../lib/gcc/arm-none-eabi/7.2.1/include" -isystem "/home/plam/.konan/dependencies/gcc-arm-none-eabi-7-2017-q4-major-linux/bin/../lib/gcc/arm-none-eabi/7.2.1/include-fixed" -Wl,--unresolved-symbols=ignore-in-object-files    CMakeFiles/cmTC_7db54.dir/src.c.obj  -o cmTC_7db54 
/home/plam/.konan/dependencies/gcc-arm-none-eabi-7-2017-q4-major-linux/bin/../lib/gcc/arm-none-eabi/7.2.1/../../../../arm-none-eabi/bin/ld: warning: cannot find entry symbol _start; defaulting to 0000000000008000
gmake[1]: Leaving directory '/home/plam/Projects/MOTIUS/kotblinky/build/CMakeFiles/CMakeTmp'

Source file was:
int main(void) { return 0; }
Performing C SOURCE FILE Test check_fno_pic_C succeeded with the following output:
Change Dir: /home/plam/Projects/MOTIUS/kotblinky/build/CMakeFiles/CMakeTmp

Run Build Command:"/bin/gmake" "cmTC_8ac25/fast"
/bin/gmake -f CMakeFiles/cmTC_8ac25.dir/build.make CMakeFiles/cmTC_8ac25.dir/build
gmake[1]: Entering directory '/home/plam/Projects/MOTIUS/kotblinky/build/CMakeFiles/CMakeTmp'
Building C object CMakeFiles/cmTC_8ac25.dir/src.c.obj
/home/plam/.konan/dependencies/gcc-arm-none-eabi-7-2017-q4-major-linux/bin/arm-none-eabi-gcc   -Dcheck_fno_pic_C -nostartfiles -nostdlib -isystem "/home/plam/.konan/dependencies/gcc-arm-none-eabi-7-2017-q4-major-linux/bin/../lib/gcc/arm-none-eabi/7.2.1/include" -isystem "/home/plam/.konan/dependencies/gcc-arm-none-eabi-7-2017-q4-major-linux/bin/../lib/gcc/arm-none-eabi/7.2.1/include-fixed" -Wl,--unresolved-symbols=ignore-in-object-files   -fno-pic -o CMakeFiles/cmTC_8ac25.dir/src.c.obj   -c /home/plam/Projects/MOTIUS/kotblinky/build/CMakeFiles/CMakeTmp/src.c
Linking C executable cmTC_8ac25
/usr/bin/cmake -E cmake_link_script CMakeFiles/cmTC_8ac25.dir/link.txt --verbose=1
/home/plam/.konan/dependencies/gcc-arm-none-eabi-7-2017-q4-major-linux/bin/arm-none-eabi-gcc  -Dcheck_fno_pic_C -nostartfiles -nostdlib -isystem "/home/plam/.konan/dependencies/gcc-arm-none-eabi-7-2017-q4-major-linux/bin/../lib/gcc/arm-none-eabi/7.2.1/include" -isystem "/home/plam/.konan/dependencies/gcc-arm-none-eabi-7-2017-q4-major-linux/bin/../lib/gcc/arm-none-eabi/7.2.1/include-fixed" -Wl,--unresolved-symbols=ignore-in-object-files    CMakeFiles/cmTC_8ac25.dir/src.c.obj  -o cmTC_8ac25 
/home/plam/.konan/dependencies/gcc-arm-none-eabi-7-2017-q4-major-linux/bin/../lib/gcc/arm-none-eabi/7.2.1/../../../../arm-none-eabi/bin/ld: warning: cannot find entry symbol _start; defaulting to 0000000000008000
gmake[1]: Leaving directory '/home/plam/Projects/MOTIUS/kotblinky/build/CMakeFiles/CMakeTmp'

Source file was:
int main(void) { return 0; }
Performing C SOURCE FILE Test check_fno_strict_overflow_C succeeded with the following output:
Change Dir: /home/plam/Projects/MOTIUS/kotblinky/build/CMakeFiles/CMakeTmp

Run Build Command:"/bin/gmake" "cmTC_33469/fast"
/bin/gmake -f CMakeFiles/cmTC_33469.dir/build.make CMakeFiles/cmTC_33469.dir/build
gmake[1]: Entering directory '/home/plam/Projects/MOTIUS/kotblinky/build/CMakeFiles/CMakeTmp'
Building C object CMakeFiles/cmTC_33469.dir/src.c.obj
/home/plam/.konan/dependencies/gcc-arm-none-eabi-7-2017-q4-major-linux/bin/arm-none-eabi-gcc   -Dcheck_fno_strict_overflow_C -nostartfiles -nostdlib -isystem "/home/plam/.konan/dependencies/gcc-arm-none-eabi-7-2017-q4-major-linux/bin/../lib/gcc/arm-none-eabi/7.2.1/include" -isystem "/home/plam/.konan/dependencies/gcc-arm-none-eabi-7-2017-q4-major-linux/bin/../lib/gcc/arm-none-eabi/7.2.1/include-fixed" -Wl,--unresolved-symbols=ignore-in-object-files   -fno-strict-overflow -o CMakeFiles/cmTC_33469.dir/src.c.obj   -c /home/plam/Projects/MOTIUS/kotblinky/build/CMakeFiles/CMakeTmp/src.c
Linking C executable cmTC_33469
/usr/bin/cmake -E cmake_link_script CMakeFiles/cmTC_33469.dir/link.txt --verbose=1
/home/plam/.konan/dependencies/gcc-arm-none-eabi-7-2017-q4-major-linux/bin/arm-none-eabi-gcc  -Dcheck_fno_strict_overflow_C -nostartfiles -nostdlib -isystem "/home/plam/.konan/dependencies/gcc-arm-none-eabi-7-2017-q4-major-linux/bin/../lib/gcc/arm-none-eabi/7.2.1/include" -isystem "/home/plam/.konan/dependencies/gcc-arm-none-eabi-7-2017-q4-major-linux/bin/../lib/gcc/arm-none-eabi/7.2.1/include-fixed" -Wl,--unresolved-symbols=ignore-in-object-files    CMakeFiles/cmTC_33469.dir/src.c.obj  -o cmTC_33469 
/home/plam/.konan/dependencies/gcc-arm-none-eabi-7-2017-q4-major-linux/bin/../lib/gcc/arm-none-eabi/7.2.1/../../../../arm-none-eabi/bin/ld: warning: cannot find entry symbol _start; defaulting to 0000000000008000
gmake[1]: Leaving directory '/home/plam/Projects/MOTIUS/kotblinky/build/CMakeFiles/CMakeTmp'

Source file was:
int main(void) { return 0; }
Performing C SOURCE FILE Test check_Wno_pointer_sign_C succeeded with the following output:
Change Dir: /home/plam/Projects/MOTIUS/kotblinky/build/CMakeFiles/CMakeTmp

Run Build Command:"/bin/gmake" "cmTC_00e0f/fast"
/bin/gmake -f CMakeFiles/cmTC_00e0f.dir/build.make CMakeFiles/cmTC_00e0f.dir/build
gmake[1]: Entering directory '/home/plam/Projects/MOTIUS/kotblinky/build/CMakeFiles/CMakeTmp'
Building C object CMakeFiles/cmTC_00e0f.dir/src.c.obj
/home/plam/.konan/dependencies/gcc-arm-none-eabi-7-2017-q4-major-linux/bin/arm-none-eabi-gcc   -Dcheck_Wno_pointer_sign_C -nostartfiles -nostdlib -isystem "/home/plam/.konan/dependencies/gcc-arm-none-eabi-7-2017-q4-major-linux/bin/../lib/gcc/arm-none-eabi/7.2.1/include" -isystem "/home/plam/.konan/dependencies/gcc-arm-none-eabi-7-2017-q4-major-linux/bin/../lib/gcc/arm-none-eabi/7.2.1/include-fixed" -Wl,--unresolved-symbols=ignore-in-object-files   -Wno-pointer-sign -o CMakeFiles/cmTC_00e0f.dir/src.c.obj   -c /home/plam/Projects/MOTIUS/kotblinky/build/CMakeFiles/CMakeTmp/src.c
Linking C executable cmTC_00e0f
/usr/bin/cmake -E cmake_link_script CMakeFiles/cmTC_00e0f.dir/link.txt --verbose=1
/home/plam/.konan/dependencies/gcc-arm-none-eabi-7-2017-q4-major-linux/bin/arm-none-eabi-gcc  -Dcheck_Wno_pointer_sign_C -nostartfiles -nostdlib -isystem "/home/plam/.konan/dependencies/gcc-arm-none-eabi-7-2017-q4-major-linux/bin/../lib/gcc/arm-none-eabi/7.2.1/include" -isystem "/home/plam/.konan/dependencies/gcc-arm-none-eabi-7-2017-q4-major-linux/bin/../lib/gcc/arm-none-eabi/7.2.1/include-fixed" -Wl,--unresolved-symbols=ignore-in-object-files    CMakeFiles/cmTC_00e0f.dir/src.c.obj  -o cmTC_00e0f 
/home/plam/.konan/dependencies/gcc-arm-none-eabi-7-2017-q4-major-linux/bin/../lib/gcc/arm-none-eabi/7.2.1/../../../../arm-none-eabi/bin/ld: warning: cannot find entry symbol _start; defaulting to 0000000000008000
gmake[1]: Leaving directory '/home/plam/Projects/MOTIUS/kotblinky/build/CMakeFiles/CMakeTmp'

Source file was:
int main(void) { return 0; }
Performing C SOURCE FILE Test check_Wno_unused_but_set_variable_C succeeded with the following output:
Change Dir: /home/plam/Projects/MOTIUS/kotblinky/build/CMakeFiles/CMakeTmp

Run Build Command:"/bin/gmake" "cmTC_298fc/fast"
/bin/gmake -f CMakeFiles/cmTC_298fc.dir/build.make CMakeFiles/cmTC_298fc.dir/build
gmake[1]: Entering directory '/home/plam/Projects/MOTIUS/kotblinky/build/CMakeFiles/CMakeTmp'
Building C object CMakeFiles/cmTC_298fc.dir/src.c.obj
/home/plam/.konan/dependencies/gcc-arm-none-eabi-7-2017-q4-major-linux/bin/arm-none-eabi-gcc   -Dcheck_Wno_unused_but_set_variable_C -nostartfiles -nostdlib -isystem "/home/plam/.konan/dependencies/gcc-arm-none-eabi-7-2017-q4-major-linux/bin/../lib/gcc/arm-none-eabi/7.2.1/include" -isystem "/home/plam/.konan/dependencies/gcc-arm-none-eabi-7-2017-q4-major-linux/bin/../lib/gcc/arm-none-eabi/7.2.1/include-fixed" -Wl,--unresolved-symbols=ignore-in-object-files   -Wno-unused-but-set-variable -o CMakeFiles/cmTC_298fc.dir/src.c.obj   -c /home/plam/Projects/MOTIUS/kotblinky/build/CMakeFiles/CMakeTmp/src.c
Linking C executable cmTC_298fc
/usr/bin/cmake -E cmake_link_script CMakeFiles/cmTC_298fc.dir/link.txt --verbose=1
/home/plam/.konan/dependencies/gcc-arm-none-eabi-7-2017-q4-major-linux/bin/arm-none-eabi-gcc  -Dcheck_Wno_unused_but_set_variable_C -nostartfiles -nostdlib -isystem "/home/plam/.konan/dependencies/gcc-arm-none-eabi-7-2017-q4-major-linux/bin/../lib/gcc/arm-none-eabi/7.2.1/include" -isystem "/home/plam/.konan/dependencies/gcc-arm-none-eabi-7-2017-q4-major-linux/bin/../lib/gcc/arm-none-eabi/7.2.1/include-fixed" -Wl,--unresolved-symbols=ignore-in-object-files    CMakeFiles/cmTC_298fc.dir/src.c.obj  -o cmTC_298fc 
/home/plam/.konan/dependencies/gcc-arm-none-eabi-7-2017-q4-major-linux/bin/../lib/gcc/arm-none-eabi/7.2.1/../../../../arm-none-eabi/bin/ld: warning: cannot find entry symbol _start; defaulting to 0000000000008000
gmake[1]: Leaving directory '/home/plam/Projects/MOTIUS/kotblinky/build/CMakeFiles/CMakeTmp'

Source file was:
int main(void) { return 0; }
Performing C SOURCE FILE Test check_fno_reorder_functions_C succeeded with the following output:
Change Dir: /home/plam/Projects/MOTIUS/kotblinky/build/CMakeFiles/CMakeTmp

Run Build Command:"/bin/gmake" "cmTC_91448/fast"
/bin/gmake -f CMakeFiles/cmTC_91448.dir/build.make CMakeFiles/cmTC_91448.dir/build
gmake[1]: Entering directory '/home/plam/Projects/MOTIUS/kotblinky/build/CMakeFiles/CMakeTmp'
Building C object CMakeFiles/cmTC_91448.dir/src.c.obj
/home/plam/.konan/dependencies/gcc-arm-none-eabi-7-2017-q4-major-linux/bin/arm-none-eabi-gcc   -Dcheck_fno_reorder_functions_C -nostartfiles -nostdlib -isystem "/home/plam/.konan/dependencies/gcc-arm-none-eabi-7-2017-q4-major-linux/bin/../lib/gcc/arm-none-eabi/7.2.1/include" -isystem "/home/plam/.konan/dependencies/gcc-arm-none-eabi-7-2017-q4-major-linux/bin/../lib/gcc/arm-none-eabi/7.2.1/include-fixed" -Wl,--unresolved-symbols=ignore-in-object-files   -fno-reorder-functions -o CMakeFiles/cmTC_91448.dir/src.c.obj   -c /home/plam/Projects/MOTIUS/kotblinky/build/CMakeFiles/CMakeTmp/src.c
Linking C executable cmTC_91448
/usr/bin/cmake -E cmake_link_script CMakeFiles/cmTC_91448.dir/link.txt --verbose=1
/home/plam/.konan/dependencies/gcc-arm-none-eabi-7-2017-q4-major-linux/bin/arm-none-eabi-gcc  -Dcheck_fno_reorder_functions_C -nostartfiles -nostdlib -isystem "/home/plam/.konan/dependencies/gcc-arm-none-eabi-7-2017-q4-major-linux/bin/../lib/gcc/arm-none-eabi/7.2.1/include" -isystem "/home/plam/.konan/dependencies/gcc-arm-none-eabi-7-2017-q4-major-linux/bin/../lib/gcc/arm-none-eabi/7.2.1/include-fixed" -Wl,--unresolved-symbols=ignore-in-object-files    CMakeFiles/cmTC_91448.dir/src.c.obj  -o cmTC_91448 
/home/plam/.konan/dependencies/gcc-arm-none-eabi-7-2017-q4-major-linux/bin/../lib/gcc/arm-none-eabi/7.2.1/../../../../arm-none-eabi/bin/ld: warning: cannot find entry symbol _start; defaulting to 0000000000008000
gmake[1]: Leaving directory '/home/plam/Projects/MOTIUS/kotblinky/build/CMakeFiles/CMakeTmp'

Source file was:
int main(void) { return 0; }
Performing C SOURCE FILE Test check_fno_defer_pop_C succeeded with the following output:
Change Dir: /home/plam/Projects/MOTIUS/kotblinky/build/CMakeFiles/CMakeTmp

Run Build Command:"/bin/gmake" "cmTC_b2c42/fast"
/bin/gmake -f CMakeFiles/cmTC_b2c42.dir/build.make CMakeFiles/cmTC_b2c42.dir/build
gmake[1]: Entering directory '/home/plam/Projects/MOTIUS/kotblinky/build/CMakeFiles/CMakeTmp'
Building C object CMakeFiles/cmTC_b2c42.dir/src.c.obj
/home/plam/.konan/dependencies/gcc-arm-none-eabi-7-2017-q4-major-linux/bin/arm-none-eabi-gcc   -Dcheck_fno_defer_pop_C -nostartfiles -nostdlib -isystem "/home/plam/.konan/dependencies/gcc-arm-none-eabi-7-2017-q4-major-linux/bin/../lib/gcc/arm-none-eabi/7.2.1/include" -isystem "/home/plam/.konan/dependencies/gcc-arm-none-eabi-7-2017-q4-major-linux/bin/../lib/gcc/arm-none-eabi/7.2.1/include-fixed" -Wl,--unresolved-symbols=ignore-in-object-files   -fno-defer-pop -o CMakeFiles/cmTC_b2c42.dir/src.c.obj   -c /home/plam/Projects/MOTIUS/kotblinky/build/CMakeFiles/CMakeTmp/src.c
Linking C executable cmTC_b2c42
/usr/bin/cmake -E cmake_link_script CMakeFiles/cmTC_b2c42.dir/link.txt --verbose=1
/home/plam/.konan/dependencies/gcc-arm-none-eabi-7-2017-q4-major-linux/bin/arm-none-eabi-gcc  -Dcheck_fno_defer_pop_C -nostartfiles -nostdlib -isystem "/home/plam/.konan/dependencies/gcc-arm-none-eabi-7-2017-q4-major-linux/bin/../lib/gcc/arm-none-eabi/7.2.1/include" -isystem "/home/plam/.konan/dependencies/gcc-arm-none-eabi-7-2017-q4-major-linux/bin/../lib/gcc/arm-none-eabi/7.2.1/include-fixed" -Wl,--unresolved-symbols=ignore-in-object-files    CMakeFiles/cmTC_b2c42.dir/src.c.obj  -o cmTC_b2c42 
/home/plam/.konan/dependencies/gcc-arm-none-eabi-7-2017-q4-major-linux/bin/../lib/gcc/arm-none-eabi/7.2.1/../../../../arm-none-eabi/bin/ld: warning: cannot find entry symbol _start; defaulting to 0000000000008000
gmake[1]: Leaving directory '/home/plam/Projects/MOTIUS/kotblinky/build/CMakeFiles/CMakeTmp'

Source file was:
int main(void) { return 0; }
Performing C SOURCE FILE Test check_Werror_implicit_int_C succeeded with the following output:
Change Dir: /home/plam/Projects/MOTIUS/kotblinky/build/CMakeFiles/CMakeTmp

Run Build Command:"/bin/gmake" "cmTC_54da0/fast"
/bin/gmake -f CMakeFiles/cmTC_54da0.dir/build.make CMakeFiles/cmTC_54da0.dir/build
gmake[1]: Entering directory '/home/plam/Projects/MOTIUS/kotblinky/build/CMakeFiles/CMakeTmp'
Building C object CMakeFiles/cmTC_54da0.dir/src.c.obj
/home/plam/.konan/dependencies/gcc-arm-none-eabi-7-2017-q4-major-linux/bin/arm-none-eabi-gcc   -Dcheck_Werror_implicit_int_C -nostartfiles -nostdlib -isystem "/home/plam/.konan/dependencies/gcc-arm-none-eabi-7-2017-q4-major-linux/bin/../lib/gcc/arm-none-eabi/7.2.1/include" -isystem "/home/plam/.konan/dependencies/gcc-arm-none-eabi-7-2017-q4-major-linux/bin/../lib/gcc/arm-none-eabi/7.2.1/include-fixed" -Wl,--unresolved-symbols=ignore-in-object-files   -Werror=implicit-int -o CMakeFiles/cmTC_54da0.dir/src.c.obj   -c /home/plam/Projects/MOTIUS/kotblinky/build/CMakeFiles/CMakeTmp/src.c
Linking C executable cmTC_54da0
/usr/bin/cmake -E cmake_link_script CMakeFiles/cmTC_54da0.dir/link.txt --verbose=1
/home/plam/.konan/dependencies/gcc-arm-none-eabi-7-2017-q4-major-linux/bin/arm-none-eabi-gcc  -Dcheck_Werror_implicit_int_C -nostartfiles -nostdlib -isystem "/home/plam/.konan/dependencies/gcc-arm-none-eabi-7-2017-q4-major-linux/bin/../lib/gcc/arm-none-eabi/7.2.1/include" -isystem "/home/plam/.konan/dependencies/gcc-arm-none-eabi-7-2017-q4-major-linux/bin/../lib/gcc/arm-none-eabi/7.2.1/include-fixed" -Wl,--unresolved-symbols=ignore-in-object-files    CMakeFiles/cmTC_54da0.dir/src.c.obj  -o cmTC_54da0 
/home/plam/.konan/dependencies/gcc-arm-none-eabi-7-2017-q4-major-linux/bin/../lib/gcc/arm-none-eabi/7.2.1/../../../../arm-none-eabi/bin/ld: warning: cannot find entry symbol _start; defaulting to 0000000000008000
gmake[1]: Leaving directory '/home/plam/Projects/MOTIUS/kotblinky/build/CMakeFiles/CMakeTmp'

Source file was:
int main(void) { return 0; }
Performing C SOURCE FILE Test check_Wl__X succeeded with the following output:
Change Dir: /home/plam/Projects/MOTIUS/kotblinky/build/CMakeFiles/CMakeTmp

Run Build Command:"/bin/gmake" "cmTC_db528/fast"
/bin/gmake -f CMakeFiles/cmTC_db528.dir/build.make CMakeFiles/cmTC_db528.dir/build
gmake[1]: Entering directory '/home/plam/Projects/MOTIUS/kotblinky/build/CMakeFiles/CMakeTmp'
Building C object CMakeFiles/cmTC_db528.dir/src.c.obj
/home/plam/.konan/dependencies/gcc-arm-none-eabi-7-2017-q4-major-linux/bin/arm-none-eabi-gcc   -Dcheck_Wl__X -nostartfiles -nostdlib -isystem "/home/plam/.konan/dependencies/gcc-arm-none-eabi-7-2017-q4-major-linux/bin/../lib/gcc/arm-none-eabi/7.2.1/include" -isystem "/home/plam/.konan/dependencies/gcc-arm-none-eabi-7-2017-q4-major-linux/bin/../lib/gcc/arm-none-eabi/7.2.1/include-fixed" -Wl,--unresolved-symbols=ignore-in-object-files -Wl,-X   -o CMakeFiles/cmTC_db528.dir/src.c.obj   -c /home/plam/Projects/MOTIUS/kotblinky/build/CMakeFiles/CMakeTmp/src.c
Linking C executable cmTC_db528
/usr/bin/cmake -E cmake_link_script CMakeFiles/cmTC_db528.dir/link.txt --verbose=1
/home/plam/.konan/dependencies/gcc-arm-none-eabi-7-2017-q4-major-linux/bin/arm-none-eabi-gcc  -Dcheck_Wl__X -nostartfiles -nostdlib -isystem "/home/plam/.konan/dependencies/gcc-arm-none-eabi-7-2017-q4-major-linux/bin/../lib/gcc/arm-none-eabi/7.2.1/include" -isystem "/home/plam/.konan/dependencies/gcc-arm-none-eabi-7-2017-q4-major-linux/bin/../lib/gcc/arm-none-eabi/7.2.1/include-fixed" -Wl,--unresolved-symbols=ignore-in-object-files -Wl,-X    CMakeFiles/cmTC_db528.dir/src.c.obj  -o cmTC_db528 
/home/plam/.konan/dependencies/gcc-arm-none-eabi-7-2017-q4-major-linux/bin/../lib/gcc/arm-none-eabi/7.2.1/../../../../arm-none-eabi/bin/ld: warning: cannot find entry symbol _start; defaulting to 0000000000008000
gmake[1]: Leaving directory '/home/plam/Projects/MOTIUS/kotblinky/build/CMakeFiles/CMakeTmp'

Source file was:
int main(void) { return 0; }
Performing C SOURCE FILE Test check_Wl__N succeeded with the following output:
Change Dir: /home/plam/Projects/MOTIUS/kotblinky/build/CMakeFiles/CMakeTmp

Run Build Command:"/bin/gmake" "cmTC_fec9c/fast"
/bin/gmake -f CMakeFiles/cmTC_fec9c.dir/build.make CMakeFiles/cmTC_fec9c.dir/build
gmake[1]: Entering directory '/home/plam/Projects/MOTIUS/kotblinky/build/CMakeFiles/CMakeTmp'
Building C object CMakeFiles/cmTC_fec9c.dir/src.c.obj
/home/plam/.konan/dependencies/gcc-arm-none-eabi-7-2017-q4-major-linux/bin/arm-none-eabi-gcc   -Dcheck_Wl__N -nostartfiles -nostdlib -isystem "/home/plam/.konan/dependencies/gcc-arm-none-eabi-7-2017-q4-major-linux/bin/../lib/gcc/arm-none-eabi/7.2.1/include" -isystem "/home/plam/.konan/dependencies/gcc-arm-none-eabi-7-2017-q4-major-linux/bin/../lib/gcc/arm-none-eabi/7.2.1/include-fixed" -Wl,--unresolved-symbols=ignore-in-object-files -Wl,-N   -o CMakeFiles/cmTC_fec9c.dir/src.c.obj   -c /home/plam/Projects/MOTIUS/kotblinky/build/CMakeFiles/CMakeTmp/src.c
Linking C executable cmTC_fec9c
/usr/bin/cmake -E cmake_link_script CMakeFiles/cmTC_fec9c.dir/link.txt --verbose=1
/home/plam/.konan/dependencies/gcc-arm-none-eabi-7-2017-q4-major-linux/bin/arm-none-eabi-gcc  -Dcheck_Wl__N -nostartfiles -nostdlib -isystem "/home/plam/.konan/dependencies/gcc-arm-none-eabi-7-2017-q4-major-linux/bin/../lib/gcc/arm-none-eabi/7.2.1/include" -isystem "/home/plam/.konan/dependencies/gcc-arm-none-eabi-7-2017-q4-major-linux/bin/../lib/gcc/arm-none-eabi/7.2.1/include-fixed" -Wl,--unresolved-symbols=ignore-in-object-files -Wl,-N    CMakeFiles/cmTC_fec9c.dir/src.c.obj  -o cmTC_fec9c 
/home/plam/.konan/dependencies/gcc-arm-none-eabi-7-2017-q4-major-linux/bin/../lib/gcc/arm-none-eabi/7.2.1/../../../../arm-none-eabi/bin/ld: warning: cannot find entry symbol _start; defaulting to 0000000000008000
gmake[1]: Leaving directory '/home/plam/Projects/MOTIUS/kotblinky/build/CMakeFiles/CMakeTmp'

Source file was:
int main(void) { return 0; }
Performing C SOURCE FILE Test check_Wl___gc_sections succeeded with the following output:
Change Dir: /home/plam/Projects/MOTIUS/kotblinky/build/CMakeFiles/CMakeTmp

Run Build Command:"/bin/gmake" "cmTC_df318/fast"
/bin/gmake -f CMakeFiles/cmTC_df318.dir/build.make CMakeFiles/cmTC_df318.dir/build
gmake[1]: Entering directory '/home/plam/Projects/MOTIUS/kotblinky/build/CMakeFiles/CMakeTmp'
Building C object CMakeFiles/cmTC_df318.dir/src.c.obj
/home/plam/.konan/dependencies/gcc-arm-none-eabi-7-2017-q4-major-linux/bin/arm-none-eabi-gcc   -Dcheck_Wl___gc_sections -nostartfiles -nostdlib -isystem "/home/plam/.konan/dependencies/gcc-arm-none-eabi-7-2017-q4-major-linux/bin/../lib/gcc/arm-none-eabi/7.2.1/include" -isystem "/home/plam/.konan/dependencies/gcc-arm-none-eabi-7-2017-q4-major-linux/bin/../lib/gcc/arm-none-eabi/7.2.1/include-fixed" -Wl,--unresolved-symbols=ignore-in-object-files -Wl,--gc-sections   -o CMakeFiles/cmTC_df318.dir/src.c.obj   -c /home/plam/Projects/MOTIUS/kotblinky/build/CMakeFiles/CMakeTmp/src.c
Linking C executable cmTC_df318
/usr/bin/cmake -E cmake_link_script CMakeFiles/cmTC_df318.dir/link.txt --verbose=1
/home/plam/.konan/dependencies/gcc-arm-none-eabi-7-2017-q4-major-linux/bin/arm-none-eabi-gcc  -Dcheck_Wl___gc_sections -nostartfiles -nostdlib -isystem "/home/plam/.konan/dependencies/gcc-arm-none-eabi-7-2017-q4-major-linux/bin/../lib/gcc/arm-none-eabi/7.2.1/include" -isystem "/home/plam/.konan/dependencies/gcc-arm-none-eabi-7-2017-q4-major-linux/bin/../lib/gcc/arm-none-eabi/7.2.1/include-fixed" -Wl,--unresolved-symbols=ignore-in-object-files -Wl,--gc-sections    CMakeFiles/cmTC_df318.dir/src.c.obj  -o cmTC_df318 
/home/plam/.konan/dependencies/gcc-arm-none-eabi-7-2017-q4-major-linux/bin/../lib/gcc/arm-none-eabi/7.2.1/../../../../arm-none-eabi/bin/ld: warning: cannot find entry symbol _start; defaulting to 0000000000008000
gmake[1]: Leaving directory '/home/plam/Projects/MOTIUS/kotblinky/build/CMakeFiles/CMakeTmp'

Source file was:
int main(void) { return 0; }
Performing C SOURCE FILE Test check_Wl___build_id_none succeeded with the following output:
Change Dir: /home/plam/Projects/MOTIUS/kotblinky/build/CMakeFiles/CMakeTmp

Run Build Command:"/bin/gmake" "cmTC_97586/fast"
/bin/gmake -f CMakeFiles/cmTC_97586.dir/build.make CMakeFiles/cmTC_97586.dir/build
gmake[1]: Entering directory '/home/plam/Projects/MOTIUS/kotblinky/build/CMakeFiles/CMakeTmp'
Building C object CMakeFiles/cmTC_97586.dir/src.c.obj
/home/plam/.konan/dependencies/gcc-arm-none-eabi-7-2017-q4-major-linux/bin/arm-none-eabi-gcc   -Dcheck_Wl___build_id_none -nostartfiles -nostdlib -isystem "/home/plam/.konan/dependencies/gcc-arm-none-eabi-7-2017-q4-major-linux/bin/../lib/gcc/arm-none-eabi/7.2.1/include" -isystem "/home/plam/.konan/dependencies/gcc-arm-none-eabi-7-2017-q4-major-linux/bin/../lib/gcc/arm-none-eabi/7.2.1/include-fixed" -Wl,--unresolved-symbols=ignore-in-object-files -Wl,--build-id=none   -o CMakeFiles/cmTC_97586.dir/src.c.obj   -c /home/plam/Projects/MOTIUS/kotblinky/build/CMakeFiles/CMakeTmp/src.c
Linking C executable cmTC_97586
/usr/bin/cmake -E cmake_link_script CMakeFiles/cmTC_97586.dir/link.txt --verbose=1
/home/plam/.konan/dependencies/gcc-arm-none-eabi-7-2017-q4-major-linux/bin/arm-none-eabi-gcc  -Dcheck_Wl___build_id_none -nostartfiles -nostdlib -isystem "/home/plam/.konan/dependencies/gcc-arm-none-eabi-7-2017-q4-major-linux/bin/../lib/gcc/arm-none-eabi/7.2.1/include" -isystem "/home/plam/.konan/dependencies/gcc-arm-none-eabi-7-2017-q4-major-linux/bin/../lib/gcc/arm-none-eabi/7.2.1/include-fixed" -Wl,--unresolved-symbols=ignore-in-object-files -Wl,--build-id=none    CMakeFiles/cmTC_97586.dir/src.c.obj  -o cmTC_97586 
/home/plam/.konan/dependencies/gcc-arm-none-eabi-7-2017-q4-major-linux/bin/../lib/gcc/arm-none-eabi/7.2.1/../../../../arm-none-eabi/bin/ld: warning: cannot find entry symbol _start; defaulting to 0000000000008000
gmake[1]: Leaving directory '/home/plam/Projects/MOTIUS/kotblinky/build/CMakeFiles/CMakeTmp'

Source file was:
int main(void) { return 0; }
Performing C SOURCE FILE Test check_ffunction_sections_C succeeded with the following output:
Change Dir: /home/plam/Projects/MOTIUS/kotblinky/build/CMakeFiles/CMakeTmp

Run Build Command:"/bin/gmake" "cmTC_3270a/fast"
/bin/gmake -f CMakeFiles/cmTC_3270a.dir/build.make CMakeFiles/cmTC_3270a.dir/build
gmake[1]: Entering directory '/home/plam/Projects/MOTIUS/kotblinky/build/CMakeFiles/CMakeTmp'
Building C object CMakeFiles/cmTC_3270a.dir/src.c.obj
/home/plam/.konan/dependencies/gcc-arm-none-eabi-7-2017-q4-major-linux/bin/arm-none-eabi-gcc   -Dcheck_ffunction_sections_C -nostartfiles -nostdlib -isystem "/home/plam/.konan/dependencies/gcc-arm-none-eabi-7-2017-q4-major-linux/bin/../lib/gcc/arm-none-eabi/7.2.1/include" -isystem "/home/plam/.konan/dependencies/gcc-arm-none-eabi-7-2017-q4-major-linux/bin/../lib/gcc/arm-none-eabi/7.2.1/include-fixed" -Wl,--unresolved-symbols=ignore-in-object-files   -ffunction-sections -o CMakeFiles/cmTC_3270a.dir/src.c.obj   -c /home/plam/Projects/MOTIUS/kotblinky/build/CMakeFiles/CMakeTmp/src.c
Linking C executable cmTC_3270a
/usr/bin/cmake -E cmake_link_script CMakeFiles/cmTC_3270a.dir/link.txt --verbose=1
/home/plam/.konan/dependencies/gcc-arm-none-eabi-7-2017-q4-major-linux/bin/arm-none-eabi-gcc  -Dcheck_ffunction_sections_C -nostartfiles -nostdlib -isystem "/home/plam/.konan/dependencies/gcc-arm-none-eabi-7-2017-q4-major-linux/bin/../lib/gcc/arm-none-eabi/7.2.1/include" -isystem "/home/plam/.konan/dependencies/gcc-arm-none-eabi-7-2017-q4-major-linux/bin/../lib/gcc/arm-none-eabi/7.2.1/include-fixed" -Wl,--unresolved-symbols=ignore-in-object-files    CMakeFiles/cmTC_3270a.dir/src.c.obj  -o cmTC_3270a 
/home/plam/.konan/dependencies/gcc-arm-none-eabi-7-2017-q4-major-linux/bin/../lib/gcc/arm-none-eabi/7.2.1/../../../../arm-none-eabi/bin/ld: warning: cannot find entry symbol _start; defaulting to 0000000000008000
gmake[1]: Leaving directory '/home/plam/Projects/MOTIUS/kotblinky/build/CMakeFiles/CMakeTmp'

Source file was:
int main(void) { return 0; }
Performing C SOURCE FILE Test check_fdata_sections_C succeeded with the following output:
Change Dir: /home/plam/Projects/MOTIUS/kotblinky/build/CMakeFiles/CMakeTmp

Run Build Command:"/bin/gmake" "cmTC_8d65b/fast"
/bin/gmake -f CMakeFiles/cmTC_8d65b.dir/build.make CMakeFiles/cmTC_8d65b.dir/build
gmake[1]: Entering directory '/home/plam/Projects/MOTIUS/kotblinky/build/CMakeFiles/CMakeTmp'
Building C object CMakeFiles/cmTC_8d65b.dir/src.c.obj
/home/plam/.konan/dependencies/gcc-arm-none-eabi-7-2017-q4-major-linux/bin/arm-none-eabi-gcc   -Dcheck_fdata_sections_C -nostartfiles -nostdlib -isystem "/home/plam/.konan/dependencies/gcc-arm-none-eabi-7-2017-q4-major-linux/bin/../lib/gcc/arm-none-eabi/7.2.1/include" -isystem "/home/plam/.konan/dependencies/gcc-arm-none-eabi-7-2017-q4-major-linux/bin/../lib/gcc/arm-none-eabi/7.2.1/include-fixed" -Wl,--unresolved-symbols=ignore-in-object-files   -fdata-sections -o CMakeFiles/cmTC_8d65b.dir/src.c.obj   -c /home/plam/Projects/MOTIUS/kotblinky/build/CMakeFiles/CMakeTmp/src.c
Linking C executable cmTC_8d65b
/usr/bin/cmake -E cmake_link_script CMakeFiles/cmTC_8d65b.dir/link.txt --verbose=1
/home/plam/.konan/dependencies/gcc-arm-none-eabi-7-2017-q4-major-linux/bin/arm-none-eabi-gcc  -Dcheck_fdata_sections_C -nostartfiles -nostdlib -isystem "/home/plam/.konan/dependencies/gcc-arm-none-eabi-7-2017-q4-major-linux/bin/../lib/gcc/arm-none-eabi/7.2.1/include" -isystem "/home/plam/.konan/dependencies/gcc-arm-none-eabi-7-2017-q4-major-linux/bin/../lib/gcc/arm-none-eabi/7.2.1/include-fixed" -Wl,--unresolved-symbols=ignore-in-object-files    CMakeFiles/cmTC_8d65b.dir/src.c.obj  -o cmTC_8d65b 
/home/plam/.konan/dependencies/gcc-arm-none-eabi-7-2017-q4-major-linux/bin/../lib/gcc/arm-none-eabi/7.2.1/../../../../arm-none-eabi/bin/ld: warning: cannot find entry symbol _start; defaulting to 0000000000008000
gmake[1]: Leaving directory '/home/plam/Projects/MOTIUS/kotblinky/build/CMakeFiles/CMakeTmp'

Source file was:
int main(void) { return 0; }
Performing C SOURCE FILE Test check_Wl___print_memory_usage succeeded with the following output:
Change Dir: /home/plam/Projects/MOTIUS/kotblinky/build/CMakeFiles/CMakeTmp

Run Build Command:"/bin/gmake" "cmTC_b2a03/fast"
/bin/gmake -f CMakeFiles/cmTC_b2a03.dir/build.make CMakeFiles/cmTC_b2a03.dir/build
gmake[1]: Entering directory '/home/plam/Projects/MOTIUS/kotblinky/build/CMakeFiles/CMakeTmp'
Building C object CMakeFiles/cmTC_b2a03.dir/src.c.obj
/home/plam/.konan/dependencies/gcc-arm-none-eabi-7-2017-q4-major-linux/bin/arm-none-eabi-gcc   -Dcheck_Wl___print_memory_usage -nostartfiles -nostdlib -isystem "/home/plam/.konan/dependencies/gcc-arm-none-eabi-7-2017-q4-major-linux/bin/../lib/gcc/arm-none-eabi/7.2.1/include" -isystem "/home/plam/.konan/dependencies/gcc-arm-none-eabi-7-2017-q4-major-linux/bin/../lib/gcc/arm-none-eabi/7.2.1/include-fixed" -Wl,--unresolved-symbols=ignore-in-object-files -Wl,--print-memory-usage   -o CMakeFiles/cmTC_b2a03.dir/src.c.obj   -c /home/plam/Projects/MOTIUS/kotblinky/build/CMakeFiles/CMakeTmp/src.c
Linking C executable cmTC_b2a03
/usr/bin/cmake -E cmake_link_script CMakeFiles/cmTC_b2a03.dir/link.txt --verbose=1
/home/plam/.konan/dependencies/gcc-arm-none-eabi-7-2017-q4-major-linux/bin/arm-none-eabi-gcc  -Dcheck_Wl___print_memory_usage -nostartfiles -nostdlib -isystem "/home/plam/.konan/dependencies/gcc-arm-none-eabi-7-2017-q4-major-linux/bin/../lib/gcc/arm-none-eabi/7.2.1/include" -isystem "/home/plam/.konan/dependencies/gcc-arm-none-eabi-7-2017-q4-major-linux/bin/../lib/gcc/arm-none-eabi/7.2.1/include-fixed" -Wl,--unresolved-symbols=ignore-in-object-files -Wl,--print-memory-usage    CMakeFiles/cmTC_b2a03.dir/src.c.obj  -o cmTC_b2a03 
Memory region         Used Size  Region Size  %age Used/home/plam/.konan/dependencies/gcc-arm-none-eabi-7-2017-q4-major-linux/bin/../lib/gcc/arm-none-eabi/7.2.1/../../../../arm-none-eabi/bin/ld: warning: cannot find entry symbol _start; defaulting to 0000000000008000

gmake[1]: Leaving directory '/home/plam/Projects/MOTIUS/kotblinky/build/CMakeFiles/CMakeTmp'

Source file was:
int main(void) { return 0; }
